<?xml version="1.0" encoding="UTF-8"?>
<!-- Generated by org.testng.reporters.JUnitReportReporter -->
<testsuite skipped="0" hostname="LNDB00153" name="bing.verify" tests="3" failures="0" timestamp="27 Jun 2018 09:51:48 GMT" time="2.995" errors="0">
  <testcase name="step03_LanguageSwappingTest" time="2.148" classname="bing.verify"/>
  <testcase name="step01_LanguageSelectionTest" time="0.675" classname="bing.verify"/>
  <testcase name="step02_LanguageTranslationTest" time="0.172" classname="bing.verify"/>
</testsuite> <!-- bing.verify -->
